InnoDB: using atomic writes.
2021-05-14 14:28:34 0 [Note] InnoDB: Mutexes and rw_locks use Windows interlocked functions
2021-05-14 14:28:34 0 [Note] InnoDB: Uses event mutexes
2021-05-14 14:28:34 0 [Note] InnoDB: Compressed tables use zlib 1.2.11
2021-05-14 14:28:34 0 [Note] InnoDB: Number of pools: 1
2021-05-14 14:28:34 0 [Note] InnoDB: Using SSE2 crc32 instructions
2021-05-14 14:28:34 0 [Note] InnoDB: Initializing buffer pool, total size = 16M, instances = 1, chunk size = 16M
2021-05-14 14:28:34 0 [Note] InnoDB: Completed initialization of buffer pool
2021-05-14 14:28:35 0 [Note] InnoDB: Starting crash recovery from checkpoint LSN=300288
2021-05-14 14:28:35 0 [Note] InnoDB: 128 out of 128 rollback segments are active.
2021-05-14 14:28:35 0 [Note] InnoDB: Removed temporary tablespace data file: "ibtmp1"
2021-05-14 14:28:35 0 [Note] InnoDB: Creating shared tablespace for temporary tables
2021-05-14 14:28:35 0 [Note] InnoDB: Setting file '\Users\Juan Avila\Downloads\xampp\mysql\data\ibtmp1' size to 12 MB. Physically writing the file full; Please wait ...
2021-05-14 14:28:35 0 [Note] InnoDB: File '\Users\Juan Avila\Downloads\xampp\mysql\data\ibtmp1' size is now 12 MB.
2021-05-14 14:28:35 0 [Note] InnoDB: Waiting for purge to start
2021-05-14 14:28:35 0 [Note] InnoDB: 10.4.18 started; log sequence number 300297; transaction id 170
2021-05-14 14:28:35 0 [Note] InnoDB: Loading buffer pool(s) from C:\Users\Juan Avila\Downloads\xampp\mysql\data\ib_buffer_pool
2021-05-14 14:28:35 0 [Note] Plugin 'FEEDBACK' is disabled.
2021-05-14 14:28:35 0 [Note] Server socket created on IP: '::'.
2021-05-14 14:28:35 0 [Note] InnoDB: Buffer pool(s) load completed at 210514 14:28:35
2021-05-14 14:28:35 0 [Note] Reading of all Master_info entries succeeded
2021-05-14 14:28:35 0 [Note] Added new Master_info '' to hash table
2021-05-14 14:28:35 0 [Note] mysql\bin\mysqld.exe: ready for connections.
Version: '10.4.18-MariaDB'  socket: ''  port: 3306  mariadb.org binary distribution
InnoDB: using atomic writes.
2021-05-14 15:06:10 0 [Note] InnoDB: Mutexes and rw_locks use Windows interlocked functions
2021-05-14 15:06:10 0 [Note] InnoDB: Uses event mutexes
2021-05-14 15:06:10 0 [Note] InnoDB: Compressed tables use zlib 1.2.11
2021-05-14 15:06:10 0 [Note] InnoDB: Number of pools: 1
2021-05-14 15:06:10 0 [Note] InnoDB: Using SSE2 crc32 instructions
2021-05-14 15:06:10 0 [Note] InnoDB: Initializing buffer pool, total size = 16M, instances = 1, chunk size = 16M
2021-05-14 15:06:10 0 [Note] InnoDB: Completed initialization of buffer pool
2021-05-14 15:06:11 0 [Note] InnoDB: Starting crash recovery from checkpoint LSN=300306
2021-05-14 15:06:11 0 [Note] InnoDB: 128 out of 128 rollback segments are active.
2021-05-14 15:06:11 0 [Note] InnoDB: Removed temporary tablespace data file: "ibtmp1"
2021-05-14 15:06:11 0 [Note] InnoDB: Creating shared tablespace for temporary tables
2021-05-14 15:06:11 0 [Note] InnoDB: Setting file '\TRABAJO\ProtectorInformacion\Assets\StreamingAssets\xampp\mysql\data\ibtmp1' size to 12 MB. Physically writing the file full; Please wait ...
2021-05-14 15:06:11 0 [Note] InnoDB: File '\TRABAJO\ProtectorInformacion\Assets\StreamingAssets\xampp\mysql\data\ibtmp1' size is now 12 MB.
2021-05-14 15:06:11 0 [Note] InnoDB: Waiting for purge to start
2021-05-14 15:06:11 0 [Note] InnoDB: 10.4.18 started; log sequence number 300315; transaction id 170
2021-05-14 15:06:11 0 [Note] InnoDB: Loading buffer pool(s) from D:\TRABAJO\ProtectorInformacion\Assets\StreamingAssets\xampp\mysql\data\ib_buffer_pool
2021-05-14 15:06:11 0 [Note] Plugin 'FEEDBACK' is disabled.
2021-05-14 15:06:11 0 [Note] Server socket created on IP: '::'.
2021-05-14 15:06:11 0 [ERROR] Can't start server: Bind on TCP/IP port. Got error: 10048: Solo se permite un uso de cada dirección de socket (protocolo/dirección de red/puerto)

2021-05-14 15:06:11 0 [ERROR] Do you already have another mysqld server running on port: 3306 ?
2021-05-14 15:06:11 0 [ERROR] Aborting
InnoDB: using atomic writes.
2021-05-14 15:06:44 0 [Note] InnoDB: Mutexes and rw_locks use Windows interlocked functions
2021-05-14 15:06:44 0 [Note] InnoDB: Uses event mutexes
2021-05-14 15:06:44 0 [Note] InnoDB: Compressed tables use zlib 1.2.11
2021-05-14 15:06:44 0 [Note] InnoDB: Number of pools: 1
2021-05-14 15:06:44 0 [Note] InnoDB: Using SSE2 crc32 instructions
2021-05-14 15:06:44 0 [Note] InnoDB: Initializing buffer pool, total size = 16M, instances = 1, chunk size = 16M
2021-05-14 15:06:44 0 [Note] InnoDB: Completed initialization of buffer pool
2021-05-14 15:06:45 0 [Note] InnoDB: 128 out of 128 rollback segments are active.
2021-05-14 15:06:45 0 [Note] InnoDB: Creating shared tablespace for temporary tables
2021-05-14 15:06:45 0 [Note] InnoDB: Setting file '\TRABAJO\ProtectorInformacion\Assets\StreamingAssets\xampp\mysql\data\ibtmp1' size to 12 MB. Physically writing the file full; Please wait ...
2021-05-14 15:06:45 0 [Note] InnoDB: File '\TRABAJO\ProtectorInformacion\Assets\StreamingAssets\xampp\mysql\data\ibtmp1' size is now 12 MB.
2021-05-14 15:06:45 0 [Note] InnoDB: Waiting for purge to start
2021-05-14 15:06:45 0 [Note] InnoDB: 10.4.18 started; log sequence number 300324; transaction id 170
2021-05-14 15:06:45 0 [Note] InnoDB: Loading buffer pool(s) from D:\TRABAJO\ProtectorInformacion\Assets\StreamingAssets\xampp\mysql\data\ib_buffer_pool
2021-05-14 15:06:45 0 [Note] Plugin 'FEEDBACK' is disabled.
2021-05-14 15:06:45 0 [Note] Server socket created on IP: '::'.
2021-05-14 15:06:45 0 [ERROR] Can't start server: Bind on TCP/IP port. Got error: 10048: Solo se permite un uso de cada dirección de socket (protocolo/dirección de red/puerto)

2021-05-14 15:06:45 0 [ERROR] Do you already have another mysqld server running on port: 3306 ?
2021-05-14 15:06:45 0 [ERROR] Aborting
InnoDB: using atomic writes.
2021-05-14 15:11:55 0 [Note] InnoDB: Mutexes and rw_locks use Windows interlocked functions
2021-05-14 15:11:55 0 [Note] InnoDB: Uses event mutexes
2021-05-14 15:11:55 0 [Note] InnoDB: Compressed tables use zlib 1.2.11
2021-05-14 15:11:55 0 [Note] InnoDB: Number of pools: 1
2021-05-14 15:11:55 0 [Note] InnoDB: Using SSE2 crc32 instructions
2021-05-14 15:11:55 0 [Note] InnoDB: Initializing buffer pool, total size = 16M, instances = 1, chunk size = 16M
2021-05-14 15:11:55 0 [Note] InnoDB: Completed initialization of buffer pool
2021-05-14 15:11:55 0 [Note] InnoDB: 128 out of 128 rollback segments are active.
2021-05-14 15:11:56 0 [Note] InnoDB: Creating shared tablespace for temporary tables
2021-05-14 15:11:56 0 [Note] InnoDB: Setting file '\TRABAJO\ProtectorInformacion\Assets\StreamingAssets\xampp\mysql\data\ibtmp1' size to 12 MB. Physically writing the file full; Please wait ...
2021-05-14 15:11:56 0 [Note] InnoDB: File '\TRABAJO\ProtectorInformacion\Assets\StreamingAssets\xampp\mysql\data\ibtmp1' size is now 12 MB.
2021-05-14 15:11:56 0 [Note] InnoDB: Waiting for purge to start
2021-05-14 15:11:56 0 [Note] InnoDB: 10.4.18 started; log sequence number 300333; transaction id 170
2021-05-14 15:11:56 0 [Note] InnoDB: Loading buffer pool(s) from D:\TRABAJO\ProtectorInformacion\Assets\StreamingAssets\xampp\mysql\data\ib_buffer_pool
2021-05-14 15:11:56 0 [Note] Plugin 'FEEDBACK' is disabled.
2021-05-14 15:11:56 0 [Note] Server socket created on IP: '::'.
2021-05-14 15:11:56 0 [ERROR] Can't start server: Bind on TCP/IP port. Got error: 10048: Solo se permite un uso de cada dirección de socket (protocolo/dirección de red/puerto)

2021-05-14 15:11:56 0 [ERROR] Do you already have another mysqld server running on port: 3306 ?
2021-05-14 15:11:56 0 [ERROR] Aborting
InnoDB: using atomic writes.
2021-05-14 15:16:34 0 [Note] InnoDB: Mutexes and rw_locks use Windows interlocked functions
2021-05-14 15:16:34 0 [Note] InnoDB: Uses event mutexes
2021-05-14 15:16:34 0 [Note] InnoDB: Compressed tables use zlib 1.2.11
2021-05-14 15:16:34 0 [Note] InnoDB: Number of pools: 1
2021-05-14 15:16:34 0 [Note] InnoDB: Using SSE2 crc32 instructions
2021-05-14 15:16:34 0 [Note] InnoDB: Initializing buffer pool, total size = 16M, instances = 1, chunk size = 16M
2021-05-14 15:16:34 0 [Note] InnoDB: Completed initialization of buffer pool
2021-05-14 15:16:35 0 [Note] InnoDB: 128 out of 128 rollback segments are active.
2021-05-14 15:16:35 0 [Note] InnoDB: Creating shared tablespace for temporary tables
2021-05-14 15:16:35 0 [Note] InnoDB: Setting file '\TRABAJO\ProtectorInformacion\Assets\StreamingAssets\xampp\mysql\data\ibtmp1' size to 12 MB. Physically writing the file full; Please wait ...
2021-05-14 15:16:35 0 [Note] InnoDB: File '\TRABAJO\ProtectorInformacion\Assets\StreamingAssets\xampp\mysql\data\ibtmp1' size is now 12 MB.
2021-05-14 15:16:35 0 [Note] InnoDB: Waiting for purge to start
2021-05-14 15:16:35 0 [Note] InnoDB: 10.4.18 started; log sequence number 300342; transaction id 170
2021-05-14 15:16:35 0 [Note] InnoDB: Loading buffer pool(s) from D:\TRABAJO\ProtectorInformacion\Assets\StreamingAssets\xampp\mysql\data\ib_buffer_pool
2021-05-14 15:16:35 0 [Note] Plugin 'FEEDBACK' is disabled.
2021-05-14 15:16:35 0 [Note] Server socket created on IP: '::'.
2021-05-14 15:16:35 0 [ERROR] Can't start server: Bind on TCP/IP port. Got error: 10048: Solo se permite un uso de cada dirección de socket (protocolo/dirección de red/puerto)

2021-05-14 15:16:35 0 [ERROR] Do you already have another mysqld server running on port: 3306 ?
2021-05-14 15:16:35 0 [ERROR] Aborting
InnoDB: using atomic writes.
2021-05-14 15:30:37 0 [Note] InnoDB: Mutexes and rw_locks use Windows interlocked functions
2021-05-14 15:30:37 0 [Note] InnoDB: Uses event mutexes
2021-05-14 15:30:37 0 [Note] InnoDB: Compressed tables use zlib 1.2.11
2021-05-14 15:30:37 0 [Note] InnoDB: Number of pools: 1
2021-05-14 15:30:37 0 [Note] InnoDB: Using SSE2 crc32 instructions
2021-05-14 15:30:37 0 [Note] InnoDB: Initializing buffer pool, total size = 16M, instances = 1, chunk size = 16M
2021-05-14 15:30:37 0 [Note] InnoDB: Completed initialization of buffer pool
2021-05-14 15:30:38 0 [Note] InnoDB: 128 out of 128 rollback segments are active.
2021-05-14 15:30:38 0 [Note] InnoDB: Creating shared tablespace for temporary tables
2021-05-14 15:30:38 0 [Note] InnoDB: Setting file '\TRABAJO\ProtectorInformacion\Assets\StreamingAssets\xampp\mysql\data\ibtmp1' size to 12 MB. Physically writing the file full; Please wait ...
2021-05-14 15:30:38 0 [Note] InnoDB: File '\TRABAJO\ProtectorInformacion\Assets\StreamingAssets\xampp\mysql\data\ibtmp1' size is now 12 MB.
2021-05-14 15:30:38 0 [Note] InnoDB: Waiting for purge to start
2021-05-14 15:30:38 0 [Note] InnoDB: 10.4.18 started; log sequence number 300351; transaction id 170
2021-05-14 15:30:38 0 [Note] InnoDB: Loading buffer pool(s) from D:\TRABAJO\ProtectorInformacion\Assets\StreamingAssets\xampp\mysql\data\ib_buffer_pool
2021-05-14 15:30:38 0 [Note] Plugin 'FEEDBACK' is disabled.
2021-05-14 15:30:38 0 [Note] Server socket created on IP: '::'.
2021-05-14 15:30:38 0 [ERROR] Can't start server: Bind on TCP/IP port. Got error: 10048: Solo se permite un uso de cada dirección de socket (protocolo/dirección de red/puerto)

2021-05-14 15:30:38 0 [ERROR] Do you already have another mysqld server running on port: 3306 ?
2021-05-14 15:30:38 0 [ERROR] Aborting
InnoDB: using atomic writes.
2021-05-14 15:34:15 0 [Note] InnoDB: Mutexes and rw_locks use Windows interlocked functions
2021-05-14 15:34:15 0 [Note] InnoDB: Uses event mutexes
2021-05-14 15:34:15 0 [Note] InnoDB: Compressed tables use zlib 1.2.11
2021-05-14 15:34:15 0 [Note] InnoDB: Number of pools: 1
2021-05-14 15:34:15 0 [Note] InnoDB: Using SSE2 crc32 instructions
2021-05-14 15:34:15 0 [Note] InnoDB: Initializing buffer pool, total size = 16M, instances = 1, chunk size = 16M
2021-05-14 15:34:15 0 [Note] InnoDB: Completed initialization of buffer pool
2021-05-14 15:34:15 0 [Note] InnoDB: 128 out of 128 rollback segments are active.
2021-05-14 15:34:15 0 [Note] InnoDB: Creating shared tablespace for temporary tables
2021-05-14 15:34:15 0 [Note] InnoDB: Setting file '\TRABAJO\ProtectorInformacion\Assets\StreamingAssets\xampp\mysql\data\ibtmp1' size to 12 MB. Physically writing the file full; Please wait ...
2021-05-14 15:34:15 0 [Note] InnoDB: File '\TRABAJO\ProtectorInformacion\Assets\StreamingAssets\xampp\mysql\data\ibtmp1' size is now 12 MB.
2021-05-14 15:34:15 0 [Note] InnoDB: Waiting for purge to start
2021-05-14 15:34:15 0 [Note] InnoDB: 10.4.18 started; log sequence number 300360; transaction id 170
2021-05-14 15:34:15 0 [Note] InnoDB: Loading buffer pool(s) from D:\TRABAJO\ProtectorInformacion\Assets\StreamingAssets\xampp\mysql\data\ib_buffer_pool
2021-05-14 15:34:15 0 [Note] Plugin 'FEEDBACK' is disabled.
2021-05-14 15:34:16 0 [Note] Server socket created on IP: '::'.
2021-05-14 15:34:16 0 [ERROR] Can't start server: Bind on TCP/IP port. Got error: 10048: Solo se permite un uso de cada dirección de socket (protocolo/dirección de red/puerto)

2021-05-14 15:34:16 0 [ERROR] Do you already have another mysqld server running on port: 3306 ?
2021-05-14 15:34:16 0 [ERROR] Aborting
InnoDB: using atomic writes.
2021-05-14 16:21:27 0 [Note] InnoDB: Mutexes and rw_locks use Windows interlocked functions
2021-05-14 16:21:27 0 [Note] InnoDB: Uses event mutexes
2021-05-14 16:21:27 0 [Note] InnoDB: Compressed tables use zlib 1.2.11
2021-05-14 16:21:27 0 [Note] InnoDB: Number of pools: 1
2021-05-14 16:21:27 0 [Note] InnoDB: Using SSE2 crc32 instructions
2021-05-14 16:21:27 0 [Note] InnoDB: Initializing buffer pool, total size = 16M, instances = 1, chunk size = 16M
2021-05-14 16:21:27 0 [Note] InnoDB: Completed initialization of buffer pool
2021-05-14 16:21:28 0 [Note] InnoDB: 128 out of 128 rollback segments are active.
2021-05-14 16:21:28 0 [Note] InnoDB: Creating shared tablespace for temporary tables
2021-05-14 16:21:28 0 [Note] InnoDB: Setting file '\TRABAJO\ProtectorInformacion\Assets\StreamingAssets\xampp\mysql\data\ibtmp1' size to 12 MB. Physically writing the file full; Please wait ...
2021-05-14 16:21:28 0 [Note] InnoDB: File '\TRABAJO\ProtectorInformacion\Assets\StreamingAssets\xampp\mysql\data\ibtmp1' size is now 12 MB.
2021-05-14 16:21:28 0 [Note] InnoDB: Waiting for purge to start
2021-05-14 16:21:28 0 [Note] InnoDB: 10.4.18 started; log sequence number 300369; transaction id 170
2021-05-14 16:21:28 0 [Note] InnoDB: Loading buffer pool(s) from D:\TRABAJO\ProtectorInformacion\Assets\StreamingAssets\xampp\mysql\data\ib_buffer_pool
2021-05-14 16:21:28 0 [Note] Plugin 'FEEDBACK' is disabled.
2021-05-14 16:21:28 0 [Note] Server socket created on IP: '::'.
2021-05-14 16:21:28 0 [ERROR] Can't start server: Bind on TCP/IP port. Got error: 10048: Solo se permite un uso de cada dirección de socket (protocolo/dirección de red/puerto)

2021-05-14 16:21:28 0 [ERROR] Do you already have another mysqld server running on port: 3306 ?
2021-05-14 16:21:28 0 [ERROR] Aborting
InnoDB: using atomic writes.
2021-05-14 16:30:18 0 [Note] InnoDB: Mutexes and rw_locks use Windows interlocked functions
2021-05-14 16:30:18 0 [Note] InnoDB: Uses event mutexes
2021-05-14 16:30:18 0 [Note] InnoDB: Compressed tables use zlib 1.2.11
2021-05-14 16:30:18 0 [Note] InnoDB: Number of pools: 1
2021-05-14 16:30:18 0 [Note] InnoDB: Using SSE2 crc32 instructions
2021-05-14 16:30:18 0 [Note] InnoDB: Initializing buffer pool, total size = 16M, instances = 1, chunk size = 16M
2021-05-14 16:30:18 0 [Note] InnoDB: Completed initialization of buffer pool
2021-05-14 16:30:18 0 [Note] InnoDB: 128 out of 128 rollback segments are active.
2021-05-14 16:30:18 0 [Note] InnoDB: Creating shared tablespace for temporary tables
2021-05-14 16:30:18 0 [Note] InnoDB: Setting file '\TRABAJO\ProtectorInformacion\Assets\StreamingAssets\xampp\mysql\data\ibtmp1' size to 12 MB. Physically writing the file full; Please wait ...
2021-05-14 16:30:18 0 [Note] InnoDB: File '\TRABAJO\ProtectorInformacion\Assets\StreamingAssets\xampp\mysql\data\ibtmp1' size is now 12 MB.
2021-05-14 16:30:18 0 [Note] InnoDB: Waiting for purge to start
2021-05-14 16:30:18 0 [Note] InnoDB: 10.4.18 started; log sequence number 300378; transaction id 170
2021-05-14 16:30:18 0 [Note] InnoDB: Loading buffer pool(s) from D:\TRABAJO\ProtectorInformacion\Assets\StreamingAssets\xampp\mysql\data\ib_buffer_pool
2021-05-14 16:30:18 0 [Note] Plugin 'FEEDBACK' is disabled.
2021-05-14 16:30:18 0 [Note] Server socket created on IP: '::'.
2021-05-14 16:30:18 0 [ERROR] Can't start server: Bind on TCP/IP port. Got error: 10048: Solo se permite un uso de cada dirección de socket (protocolo/dirección de red/puerto)

2021-05-14 16:30:18 0 [ERROR] Do you already have another mysqld server running on port: 3306 ?
2021-05-14 16:30:18 0 [ERROR] Aborting
InnoDB: using atomic writes.
2021-05-18  7:53:32 0 [Note] InnoDB: Mutexes and rw_locks use Windows interlocked functions
2021-05-18  7:53:32 0 [Note] InnoDB: Uses event mutexes
2021-05-18  7:53:32 0 [Note] InnoDB: Compressed tables use zlib 1.2.11
2021-05-18  7:53:32 0 [Note] InnoDB: Number of pools: 1
2021-05-18  7:53:32 0 [Note] InnoDB: Using SSE2 crc32 instructions
2021-05-18  7:53:32 0 [Note] InnoDB: Initializing buffer pool, total size = 16M, instances = 1, chunk size = 16M
2021-05-18  7:53:33 0 [Note] InnoDB: Completed initialization of buffer pool
2021-05-18  7:53:43 0 [Note] InnoDB: 128 out of 128 rollback segments are active.
2021-05-18  7:53:43 0 [Note] InnoDB: Creating shared tablespace for temporary tables
2021-05-18  7:53:43 0 [Note] InnoDB: Setting file '\TRABAJO\ProtectorInformacion\Assets\StreamingAssets\xampp\mysql\data\ibtmp1' size to 12 MB. Physically writing the file full; Please wait ...
2021-05-18  7:53:43 0 [Note] InnoDB: File '\TRABAJO\ProtectorInformacion\Assets\StreamingAssets\xampp\mysql\data\ibtmp1' size is now 12 MB.
2021-05-18  7:53:43 0 [Note] InnoDB: Waiting for purge to start
2021-05-18  7:53:43 0 [Note] InnoDB: Waiting for purge to start
2021-05-18  7:53:43 0 [Note] InnoDB: Waiting for purge to start
2021-05-18  7:53:43 0 [Note] InnoDB: Waiting for purge to start
2021-05-18  7:53:43 0 [Note] InnoDB: Waiting for purge to start
2021-05-18  7:53:43 0 [Note] InnoDB: 10.4.18 started; log sequence number 300387; transaction id 170
2021-05-18  7:53:43 0 [Note] InnoDB: Loading buffer pool(s) from D:\TRABAJO\ProtectorInformacion\Assets\StreamingAssets\xampp\mysql\data\ib_buffer_pool
2021-05-18  7:53:44 0 [Note] Plugin 'FEEDBACK' is disabled.
2021-05-18  7:53:46 0 [Note] Server socket created on IP: '::'.
2021-05-18  7:53:46 0 [Note] InnoDB: Buffer pool(s) load completed at 210518  7:53:46
2021-05-18  7:53:51 0 [Note] Reading of all Master_info entries succeeded
2021-05-18  7:53:51 0 [Note] Added new Master_info '' to hash table
2021-05-18  7:53:51 0 [Note] mysql\bin\mysqld.exe: ready for connections.
Version: '10.4.18-MariaDB'  socket: ''  port: 3306  mariadb.org binary distribution
InnoDB: using atomic writes.
2021-05-18  7:58:19 0 [ERROR] InnoDB: The innodb_system data file 'ibdata1' must be writable
2021-05-18  7:58:19 0 [ERROR] InnoDB: The innodb_system data file 'ibdata1' must be writable
2021-05-18  7:58:19 0 [ERROR] Plugin 'InnoDB' init function returned error.
2021-05-18  7:58:19 0 [ERROR] Plugin 'InnoDB' registration as a STORAGE ENGINE failed.
2021-05-18  7:58:19 0 [Note] Plugin 'FEEDBACK' is disabled.
2021-05-18  7:58:19 0 [ERROR] Unknown/unsupported storage engine: InnoDB
2021-05-18  7:58:19 0 [ERROR] Aborting
InnoDB: using atomic writes.
2021-05-18  7:58:46 0 [ERROR] InnoDB: The innodb_system data file 'ibdata1' must be writable
2021-05-18  7:58:46 0 [ERROR] InnoDB: The innodb_system data file 'ibdata1' must be writable
2021-05-18  7:58:46 0 [ERROR] Plugin 'InnoDB' init function returned error.
2021-05-18  7:58:46 0 [ERROR] Plugin 'InnoDB' registration as a STORAGE ENGINE failed.
2021-05-18  7:58:46 0 [Note] Plugin 'FEEDBACK' is disabled.
2021-05-18  7:58:46 0 [ERROR] Unknown/unsupported storage engine: InnoDB
2021-05-18  7:58:47 0 [ERROR] Aborting
InnoDB: using atomic writes.
2021-05-18  9:02:25 0 [ERROR] InnoDB: The innodb_system data file 'ibdata1' must be writable
2021-05-18  9:02:25 0 [ERROR] InnoDB: The innodb_system data file 'ibdata1' must be writable
2021-05-18  9:02:25 0 [ERROR] Plugin 'InnoDB' init function returned error.
2021-05-18  9:02:25 0 [ERROR] Plugin 'InnoDB' registration as a STORAGE ENGINE failed.
2021-05-18  9:02:25 0 [Note] Plugin 'FEEDBACK' is disabled.
2021-05-18  9:02:26 0 [ERROR] Unknown/unsupported storage engine: InnoDB
2021-05-18  9:02:26 0 [ERROR] Aborting
InnoDB: using atomic writes.
2021-05-18  9:06:44 0 [ERROR] InnoDB: The innodb_system data file 'ibdata1' must be writable
2021-05-18  9:06:44 0 [ERROR] InnoDB: The innodb_system data file 'ibdata1' must be writable
2021-05-18  9:06:44 0 [ERROR] Plugin 'InnoDB' init function returned error.
2021-05-18  9:06:44 0 [ERROR] Plugin 'InnoDB' registration as a STORAGE ENGINE failed.
2021-05-18  9:06:44 0 [Note] Plugin 'FEEDBACK' is disabled.
2021-05-18  9:06:44 0 [ERROR] Unknown/unsupported storage engine: InnoDB
2021-05-18  9:06:44 0 [ERROR] Aborting
InnoDB: using atomic writes.
2021-05-18 10:00:48 0 [ERROR] InnoDB: The innodb_system data file 'ibdata1' must be writable
2021-05-18 10:00:48 0 [ERROR] InnoDB: The innodb_system data file 'ibdata1' must be writable
2021-05-18 10:00:48 0 [ERROR] Plugin 'InnoDB' init function returned error.
2021-05-18 10:00:48 0 [ERROR] Plugin 'InnoDB' registration as a STORAGE ENGINE failed.
2021-05-18 10:00:48 0 [Note] Plugin 'FEEDBACK' is disabled.
2021-05-18 10:00:48 0 [ERROR] Unknown/unsupported storage engine: InnoDB
2021-05-18 10:00:48 0 [ERROR] Aborting
InnoDB: using atomic writes.
2021-05-18 10:01:56 0 [ERROR] InnoDB: The innodb_system data file 'ibdata1' must be writable
2021-05-18 10:01:56 0 [ERROR] InnoDB: The innodb_system data file 'ibdata1' must be writable
2021-05-18 10:01:56 0 [ERROR] Plugin 'InnoDB' init function returned error.
2021-05-18 10:01:56 0 [ERROR] Plugin 'InnoDB' registration as a STORAGE ENGINE failed.
2021-05-18 10:01:56 0 [Note] Plugin 'FEEDBACK' is disabled.
2021-05-18 10:01:56 0 [ERROR] Unknown/unsupported storage engine: InnoDB
2021-05-18 10:01:56 0 [ERROR] Aborting
InnoDB: using atomic writes.
2021-05-18 11:40:46 0 [ERROR] InnoDB: The innodb_system data file 'ibdata1' must be writable
2021-05-18 11:40:46 0 [ERROR] InnoDB: The innodb_system data file 'ibdata1' must be writable
2021-05-18 11:40:46 0 [ERROR] Plugin 'InnoDB' init function returned error.
2021-05-18 11:40:46 0 [ERROR] Plugin 'InnoDB' registration as a STORAGE ENGINE failed.
2021-05-18 11:40:46 0 [Note] Plugin 'FEEDBACK' is disabled.
2021-05-18 11:40:46 0 [ERROR] Unknown/unsupported storage engine: InnoDB
2021-05-18 11:40:46 0 [ERROR] Aborting
InnoDB: using atomic writes.
2021-05-25 10:53:28 0 [Note] InnoDB: Mutexes and rw_locks use Windows interlocked functions
2021-05-25 10:53:28 0 [Note] InnoDB: Uses event mutexes
2021-05-25 10:53:28 0 [Note] InnoDB: Compressed tables use zlib 1.2.11
2021-05-25 10:53:28 0 [Note] InnoDB: Number of pools: 1
2021-05-25 10:53:28 0 [Note] InnoDB: Using SSE2 crc32 instructions
2021-05-25 10:53:28 0 [Note] InnoDB: Initializing buffer pool, total size = 16M, instances = 1, chunk size = 16M
2021-05-25 10:53:28 0 [Note] InnoDB: Completed initialization of buffer pool
2021-05-25 10:53:28 0 [Note] InnoDB: Starting crash recovery from checkpoint LSN=300387
2021-05-25 10:53:30 0 [Note] InnoDB: 128 out of 128 rollback segments are active.
2021-05-25 10:53:30 0 [Note] InnoDB: Removed temporary tablespace data file: "ibtmp1"
2021-05-25 10:53:30 0 [Note] InnoDB: Creating shared tablespace for temporary tables
2021-05-25 10:53:30 0 [Note] InnoDB: Setting file '\TRABAJO\repositorio\pagina\Assets\StreamingAssets\xampp\mysql\data\ibtmp1' size to 12 MB. Physically writing the file full; Please wait ...
2021-05-25 10:53:30 0 [Note] InnoDB: File '\TRABAJO\repositorio\pagina\Assets\StreamingAssets\xampp\mysql\data\ibtmp1' size is now 12 MB.
2021-05-25 10:53:30 0 [Note] InnoDB: Waiting for purge to start
2021-05-25 10:53:30 0 [Note] InnoDB: 10.4.18 started; log sequence number 300396; transaction id 170
2021-05-25 10:53:30 0 [Note] InnoDB: Loading buffer pool(s) from D:\TRABAJO\repositorio\pagina\Assets\StreamingAssets\xampp\mysql\data\ib_buffer_pool
2021-05-25 10:53:30 0 [Note] Plugin 'FEEDBACK' is disabled.
2021-05-25 10:53:31 0 [Note] Server socket created on IP: '::'.
2021-05-25 10:53:32 0 [Note] InnoDB: Buffer pool(s) load completed at 210525 10:53:32
2021-05-25 10:53:32 0 [Note] Reading of all Master_info entries succeeded
2021-05-25 10:53:32 0 [Note] Added new Master_info '' to hash table
2021-05-25 10:53:32 0 [Note] mysql\bin\mysqld.exe: ready for connections.
Version: '10.4.18-MariaDB'  socket: ''  port: 3306  mariadb.org binary distribution
InnoDB: using atomic writes.
2021-05-25 10:54:08 0 [ERROR] InnoDB: The innodb_system data file 'ibdata1' must be writable
2021-05-25 10:54:08 0 [ERROR] InnoDB: The innodb_system data file 'ibdata1' must be writable
2021-05-25 10:54:08 0 [ERROR] Plugin 'InnoDB' init function returned error.
2021-05-25 10:54:08 0 [ERROR] Plugin 'InnoDB' registration as a STORAGE ENGINE failed.
2021-05-25 10:54:08 0 [Note] Plugin 'FEEDBACK' is disabled.
2021-05-25 10:54:08 0 [ERROR] Unknown/unsupported storage engine: InnoDB
2021-05-25 10:54:08 0 [ERROR] Aborting
InnoDB: using atomic writes.
2021-05-25 12:15:26 0 [Note] InnoDB: Mutexes and rw_locks use Windows interlocked functions
2021-05-25 12:15:26 0 [Note] InnoDB: Uses event mutexes
2021-05-25 12:15:26 0 [Note] InnoDB: Compressed tables use zlib 1.2.11
2021-05-25 12:15:26 0 [Note] InnoDB: Number of pools: 1
2021-05-25 12:15:26 0 [Note] InnoDB: Using SSE2 crc32 instructions
2021-05-25 12:15:26 0 [Note] InnoDB: Initializing buffer pool, total size = 16M, instances = 1, chunk size = 16M
2021-05-25 12:15:26 0 [Note] InnoDB: Completed initialization of buffer pool
2021-05-25 12:15:26 0 [Note] InnoDB: Starting crash recovery from checkpoint LSN=300405
2021-05-25 12:15:27 0 [Note] InnoDB: 128 out of 128 rollback segments are active.
2021-05-25 12:15:27 0 [Note] InnoDB: Removed temporary tablespace data file: "ibtmp1"
2021-05-25 12:15:27 0 [Note] InnoDB: Creating shared tablespace for temporary tables
2021-05-25 12:15:27 0 [Note] InnoDB: Setting file '\TRABAJO\repositorio\pagina\Assets\StreamingAssets\xampp\mysql\data\ibtmp1' size to 12 MB. Physically writing the file full; Please wait ...
2021-05-25 12:15:27 0 [Note] InnoDB: File '\TRABAJO\repositorio\pagina\Assets\StreamingAssets\xampp\mysql\data\ibtmp1' size is now 12 MB.
2021-05-25 12:15:27 0 [Note] InnoDB: Waiting for purge to start
2021-05-25 12:15:27 0 [Note] InnoDB: Waiting for purge to start
2021-05-25 12:15:27 0 [Note] InnoDB: Waiting for purge to start
2021-05-25 12:15:27 0 [Note] InnoDB: Waiting for purge to start
2021-05-25 12:15:27 0 [Note] InnoDB: Waiting for purge to start
2021-05-25 12:15:27 0 [Note] InnoDB: Waiting for purge to start
2021-05-25 12:15:28 0 [Note] InnoDB: Waiting for purge to start
2021-05-25 12:15:28 0 [Note] InnoDB: Waiting for purge to start
2021-05-25 12:15:28 0 [Note] InnoDB: Waiting for purge to start
2021-05-25 12:15:28 0 [Note] InnoDB: Waiting for purge to start
2021-05-25 12:15:28 0 [Note] InnoDB: Waiting for purge to start
2021-05-25 12:15:28 0 [Note] InnoDB: 10.4.18 started; log sequence number 300414; transaction id 170
2021-05-25 12:15:28 0 [Note] InnoDB: Loading buffer pool(s) from D:\TRABAJO\repositorio\pagina\Assets\StreamingAssets\xampp\mysql\data\ib_buffer_pool
2021-05-25 12:15:28 0 [Note] Plugin 'FEEDBACK' is disabled.
2021-05-25 12:15:28 0 [Note] InnoDB: Buffer pool(s) load completed at 210525 12:15:28
2021-05-25 12:15:28 0 [Note] Server socket created on IP: '::'.
2021-05-25 12:15:30 0 [Note] Reading of all Master_info entries succeeded
2021-05-25 12:15:30 0 [Note] Added new Master_info '' to hash table
2021-05-25 12:15:30 0 [Note] mysql\bin\mysqld.exe: ready for connections.
Version: '10.4.18-MariaDB'  socket: ''  port: 3306  mariadb.org binary distribution
InnoDB: using atomic writes.
2021-05-25 12:23:48 0 [ERROR] InnoDB: The innodb_system data file 'ibdata1' must be writable
2021-05-25 12:23:48 0 [ERROR] InnoDB: The innodb_system data file 'ibdata1' must be writable
2021-05-25 12:23:48 0 [ERROR] Plugin 'InnoDB' init function returned error.
2021-05-25 12:23:48 0 [ERROR] Plugin 'InnoDB' registration as a STORAGE ENGINE failed.
2021-05-25 12:23:48 0 [Note] Plugin 'FEEDBACK' is disabled.
2021-05-25 12:23:48 0 [ERROR] Unknown/unsupported storage engine: InnoDB
2021-05-25 12:23:48 0 [ERROR] Aborting
2021-05-25 14:53:38 0 [Note] mysql\bin\mysqld.exe (initiated by: unknown): Normal shutdown
2021-05-25 14:53:38 0 [Note] Event Scheduler: Purging the queue. 0 events
2021-05-25 14:53:38 0 [Note] InnoDB: FTS optimize thread exiting.
2021-05-25 14:53:38 0 [Note] InnoDB: Starting shutdown...
2021-05-25 14:53:38 0 [Note] InnoDB: Dumping buffer pool(s) to D:\TRABAJO\repositorio\pagina\Assets\StreamingAssets\xampp\mysql\data\ib_buffer_pool
2021-05-25 14:53:38 0 [Note] InnoDB: Instance 0, restricted to 250 pages due to innodb_buf_pool_dump_pct=25
2021-05-25 14:53:38 0 [Note] InnoDB: Buffer pool(s) dump completed at 210525 14:53:38
2021-05-25 14:53:39 0 [Note] InnoDB: Removed temporary tablespace data file: "ibtmp1"
2021-05-25 14:53:39 0 [Note] InnoDB: Shutdown completed; log sequence number 300432; transaction id 171
2021-05-25 14:53:40 0 [Note] mysql\bin\mysqld.exe: Shutdown complete

InnoDB: using atomic writes.
2021-05-25 15:20:22 0 [Note] InnoDB: Mutexes and rw_locks use Windows interlocked functions
2021-05-25 15:20:22 0 [Note] InnoDB: Uses event mutexes
2021-05-25 15:20:22 0 [Note] InnoDB: Compressed tables use zlib 1.2.11
2021-05-25 15:20:22 0 [Note] InnoDB: Number of pools: 1
2021-05-25 15:20:22 0 [Note] InnoDB: Using SSE2 crc32 instructions
2021-05-25 15:20:22 0 [Note] InnoDB: Initializing buffer pool, total size = 16M, instances = 1, chunk size = 16M
2021-05-25 15:20:22 0 [Note] InnoDB: Completed initialization of buffer pool
2021-05-25 15:20:22 0 [Note] InnoDB: 128 out of 128 rollback segments are active.
2021-05-25 15:20:22 0 [Note] InnoDB: Creating shared tablespace for temporary tables
2021-05-25 15:20:22 0 [Note] InnoDB: Setting file '\TRABAJO\repositorio\pagina\Assets\StreamingAssets\xampp\mysql\data\ibtmp1' size to 12 MB. Physically writing the file full; Please wait ...
2021-05-25 15:20:22 0 [Note] InnoDB: File '\TRABAJO\repositorio\pagina\Assets\StreamingAssets\xampp\mysql\data\ibtmp1' size is now 12 MB.
2021-05-25 15:20:22 0 [Note] InnoDB: Waiting for purge to start
2021-05-25 15:20:22 0 [Note] InnoDB: 10.4.18 started; log sequence number 300432; transaction id 170
2021-05-25 15:20:22 0 [Note] InnoDB: Loading buffer pool(s) from D:\TRABAJO\repositorio\pagina\Assets\StreamingAssets\xampp\mysql\data\ib_buffer_pool
2021-05-25 15:20:22 0 [Note] Plugin 'FEEDBACK' is disabled.
2021-05-25 15:20:22 0 [Note] Server socket created on IP: '::'.
2021-05-25 15:20:22 0 [Note] InnoDB: Buffer pool(s) load completed at 210525 15:20:22
2021-05-25 15:20:22 0 [Note] Reading of all Master_info entries succeeded
2021-05-25 15:20:22 0 [Note] Added new Master_info '' to hash table
2021-05-25 15:20:22 0 [Note] mysql\bin\mysqld.exe: ready for connections.
Version: '10.4.18-MariaDB'  socket: ''  port: 3306  mariadb.org binary distribution
2021-05-25 16:59:15 0 [Note] mysql\bin\mysqld.exe (initiated by: unknown): Normal shutdown
2021-05-25 16:59:15 0 [Note] Event Scheduler: Purging the queue. 0 events
2021-05-25 16:59:15 0 [Note] InnoDB: FTS optimize thread exiting.
2021-05-25 16:59:15 0 [Note] InnoDB: Starting shutdown...
2021-05-25 16:59:15 0 [Note] InnoDB: Dumping buffer pool(s) to D:\TRABAJO\repositorio\pagina\Assets\StreamingAssets\xampp\mysql\data\ib_buffer_pool
2021-05-25 16:59:15 0 [Note] InnoDB: Instance 0, restricted to 250 pages due to innodb_buf_pool_dump_pct=25
2021-05-25 16:59:15 0 [Note] InnoDB: Buffer pool(s) dump completed at 210525 16:59:15
2021-05-25 16:59:17 0 [Note] InnoDB: Removed temporary tablespace data file: "ibtmp1"
2021-05-25 16:59:17 0 [Note] InnoDB: Shutdown completed; log sequence number 300441; transaction id 171
2021-05-25 16:59:18 0 [Note] mysql\bin\mysqld.exe: Shutdown complete

InnoDB: using atomic writes.
2021-05-25 16:59:28 0 [Note] InnoDB: Mutexes and rw_locks use Windows interlocked functions
2021-05-25 16:59:28 0 [Note] InnoDB: Uses event mutexes
2021-05-25 16:59:28 0 [Note] InnoDB: Compressed tables use zlib 1.2.11
2021-05-25 16:59:28 0 [Note] InnoDB: Number of pools: 1
2021-05-25 16:59:28 0 [Note] InnoDB: Using SSE2 crc32 instructions
2021-05-25 16:59:28 0 [Note] InnoDB: Initializing buffer pool, total size = 16M, instances = 1, chunk size = 16M
2021-05-25 16:59:28 0 [Note] InnoDB: Completed initialization of buffer pool
2021-05-25 16:59:31 0 [Note] InnoDB: 128 out of 128 rollback segments are active.
2021-05-25 16:59:31 0 [Note] InnoDB: Creating shared tablespace for temporary tables
2021-05-25 16:59:31 0 [Note] InnoDB: Setting file '\TRABAJO\repositorio\pagina\Assets\StreamingAssets\xampp\mysql\data\ibtmp1' size to 12 MB. Physically writing the file full; Please wait ...
2021-05-25 16:59:31 0 [Note] InnoDB: File '\TRABAJO\repositorio\pagina\Assets\StreamingAssets\xampp\mysql\data\ibtmp1' size is now 12 MB.
2021-05-25 16:59:31 0 [Note] InnoDB: Waiting for purge to start
2021-05-25 16:59:31 0 [Note] InnoDB: 10.4.18 started; log sequence number 300441; transaction id 170
2021-05-25 16:59:31 0 [Note] InnoDB: Loading buffer pool(s) from D:\TRABAJO\repositorio\pagina\Assets\StreamingAssets\xampp\mysql\data\ib_buffer_pool
2021-05-25 16:59:31 0 [Note] Plugin 'FEEDBACK' is disabled.
2021-05-25 16:59:31 0 [Note] Server socket created on IP: '::'.
2021-05-25 16:59:31 0 [Note] InnoDB: Buffer pool(s) load completed at 210525 16:59:31
2021-05-25 16:59:31 0 [Note] Reading of all Master_info entries succeeded
2021-05-25 16:59:31 0 [Note] Added new Master_info '' to hash table
2021-05-25 16:59:31 0 [Note] mysql\bin\mysqld.exe: ready for connections.
Version: '10.4.18-MariaDB'  socket: ''  port: 3306  mariadb.org binary distribution
2021-05-25 16:59:54 0 [Note] mysql\bin\mysqld.exe (initiated by: unknown): Normal shutdown
2021-05-25 16:59:54 0 [Note] Event Scheduler: Purging the queue. 0 events
2021-05-25 16:59:54 0 [Note] InnoDB: FTS optimize thread exiting.
2021-05-25 16:59:57 0 [Note] InnoDB: Starting shutdown...
2021-05-25 16:59:57 0 [Note] InnoDB: Dumping buffer pool(s) to D:\TRABAJO\repositorio\pagina\Assets\StreamingAssets\xampp\mysql\data\ib_buffer_pool
2021-05-25 16:59:57 0 [Note] InnoDB: Instance 0, restricted to 250 pages due to innodb_buf_pool_dump_pct=25
2021-05-25 16:59:57 0 [Note] InnoDB: Buffer pool(s) dump completed at 210525 16:59:57
2021-05-25 16:59:58 0 [Note] InnoDB: Removed temporary tablespace data file: "ibtmp1"
2021-05-25 16:59:58 0 [Note] InnoDB: Shutdown completed; log sequence number 300450; transaction id 171
2021-05-25 16:59:58 0 [Note] mysql\bin\mysqld.exe: Shutdown complete

InnoDB: using atomic writes.
2021-05-26  7:48:29 0 [Note] InnoDB: Mutexes and rw_locks use Windows interlocked functions
2021-05-26  7:48:29 0 [Note] InnoDB: Uses event mutexes
2021-05-26  7:48:29 0 [Note] InnoDB: Compressed tables use zlib 1.2.11
2021-05-26  7:48:29 0 [Note] InnoDB: Number of pools: 1
2021-05-26  7:48:29 0 [Note] InnoDB: Using SSE2 crc32 instructions
2021-05-26  7:48:29 0 [Note] InnoDB: Initializing buffer pool, total size = 16M, instances = 1, chunk size = 16M
2021-05-26  7:48:29 0 [Note] InnoDB: Completed initialization of buffer pool
2021-05-26  7:48:29 0 [Note] InnoDB: 128 out of 128 rollback segments are active.
2021-05-26  7:48:29 0 [Note] InnoDB: Creating shared tablespace for temporary tables
2021-05-26  7:48:29 0 [Note] InnoDB: Setting file '\TRABAJO\repositorio\pagina\Assets\StreamingAssets\xampp\mysql\data\ibtmp1' size to 12 MB. Physically writing the file full; Please wait ...
2021-05-26  7:48:29 0 [Note] InnoDB: File '\TRABAJO\repositorio\pagina\Assets\StreamingAssets\xampp\mysql\data\ibtmp1' size is now 12 MB.
2021-05-26  7:48:29 0 [Note] InnoDB: Waiting for purge to start
2021-05-26  7:48:29 0 [Note] InnoDB: 10.4.18 started; log sequence number 300450; transaction id 170
2021-05-26  7:48:29 0 [Note] InnoDB: Loading buffer pool(s) from D:\TRABAJO\repositorio\pagina\Assets\StreamingAssets\xampp\mysql\data\ib_buffer_pool
2021-05-26  7:48:29 0 [Note] Plugin 'FEEDBACK' is disabled.
2021-05-26  7:48:29 0 [Note] Server socket created on IP: '::'.
2021-05-26  7:48:29 0 [ERROR] Can't start server: Bind on TCP/IP port. Got error: 10048: Solo se permite un uso de cada dirección de socket (protocolo/dirección de red/puerto)

2021-05-26  7:48:29 0 [ERROR] Do you already have another mysqld server running on port: 3306 ?
2021-05-26  7:48:29 0 [ERROR] Aborting
InnoDB: using atomic writes.
2021-05-26 10:37:00 0 [Note] InnoDB: Mutexes and rw_locks use Windows interlocked functions
2021-05-26 10:37:00 0 [Note] InnoDB: Uses event mutexes
2021-05-26 10:37:00 0 [Note] InnoDB: Compressed tables use zlib 1.2.11
2021-05-26 10:37:00 0 [Note] InnoDB: Number of pools: 1
2021-05-26 10:37:00 0 [Note] InnoDB: Using SSE2 crc32 instructions
2021-05-26 10:37:00 0 [Note] InnoDB: Initializing buffer pool, total size = 16M, instances = 1, chunk size = 16M
2021-05-26 10:37:00 0 [Note] InnoDB: Completed initialization of buffer pool
2021-05-26 10:37:01 0 [Note] InnoDB: 128 out of 128 rollback segments are active.
2021-05-26 10:37:01 0 [Note] InnoDB: Creating shared tablespace for temporary tables
2021-05-26 10:37:01 0 [Note] InnoDB: Setting file '\TRABAJO\repositorio\pagina\Assets\StreamingAssets\xampp\mysql\data\ibtmp1' size to 12 MB. Physically writing the file full; Please wait ...
2021-05-26 10:37:01 0 [Note] InnoDB: File '\TRABAJO\repositorio\pagina\Assets\StreamingAssets\xampp\mysql\data\ibtmp1' size is now 12 MB.
2021-05-26 10:37:01 0 [Note] InnoDB: Waiting for purge to start
2021-05-26 10:37:01 0 [Note] InnoDB: 10.4.18 started; log sequence number 300459; transaction id 170
2021-05-26 10:37:01 0 [Note] InnoDB: Loading buffer pool(s) from D:\TRABAJO\repositorio\pagina\Assets\StreamingAssets\xampp\mysql\data\ib_buffer_pool
2021-05-26 10:37:01 0 [Note] Plugin 'FEEDBACK' is disabled.
2021-05-26 10:37:01 0 [Note] Server socket created on IP: '::'.
2021-05-26 10:37:02 0 [Note] InnoDB: Buffer pool(s) load completed at 210526 10:37:02
2021-05-26 10:37:02 0 [Note] Reading of all Master_info entries succeeded
2021-05-26 10:37:02 0 [Note] Added new Master_info '' to hash table
2021-05-26 10:37:02 0 [Note] mysql\bin\mysqld.exe: ready for connections.
Version: '10.4.18-MariaDB'  socket: ''  port: 3306  mariadb.org binary distribution
2021-05-26 10:37:30 0 [Note] mysql\bin\mysqld.exe (initiated by: unknown): Normal shutdown
2021-05-26 10:37:30 0 [Note] Event Scheduler: Purging the queue. 0 events
2021-05-26 10:37:30 0 [Note] InnoDB: FTS optimize thread exiting.
2021-05-26 10:37:30 0 [Note] InnoDB: Starting shutdown...
2021-05-26 10:37:30 0 [Note] InnoDB: Dumping buffer pool(s) to D:\TRABAJO\repositorio\pagina\Assets\StreamingAssets\xampp\mysql\data\ib_buffer_pool
2021-05-26 10:37:30 0 [Note] InnoDB: Instance 0, restricted to 250 pages due to innodb_buf_pool_dump_pct=25
2021-05-26 10:37:30 0 [Note] InnoDB: Buffer pool(s) dump completed at 210526 10:37:30
2021-05-26 10:37:32 0 [Note] InnoDB: Removed temporary tablespace data file: "ibtmp1"
2021-05-26 10:37:32 0 [Note] InnoDB: Shutdown completed; log sequence number 300468; transaction id 171
2021-05-26 10:37:32 0 [Note] mysql\bin\mysqld.exe: Shutdown complete

InnoDB: using atomic writes.
2021-05-26 10:37:41 0 [Note] InnoDB: Mutexes and rw_locks use Windows interlocked functions
2021-05-26 10:37:41 0 [Note] InnoDB: Uses event mutexes
2021-05-26 10:37:41 0 [Note] InnoDB: Compressed tables use zlib 1.2.11
2021-05-26 10:37:41 0 [Note] InnoDB: Number of pools: 1
2021-05-26 10:37:41 0 [Note] InnoDB: Using SSE2 crc32 instructions
2021-05-26 10:37:41 0 [Note] InnoDB: Initializing buffer pool, total size = 16M, instances = 1, chunk size = 16M
2021-05-26 10:37:41 0 [Note] InnoDB: Completed initialization of buffer pool
2021-05-26 10:37:41 0 [Note] InnoDB: 128 out of 128 rollback segments are active.
2021-05-26 10:37:41 0 [Note] InnoDB: Creating shared tablespace for temporary tables
2021-05-26 10:37:41 0 [Note] InnoDB: Setting file '\TRABAJO\repositorio\pagina\Assets\StreamingAssets\xampp\mysql\data\ibtmp1' size to 12 MB. Physically writing the file full; Please wait ...
2021-05-26 10:37:41 0 [Note] InnoDB: File '\TRABAJO\repositorio\pagina\Assets\StreamingAssets\xampp\mysql\data\ibtmp1' size is now 12 MB.
2021-05-26 10:37:41 0 [Note] InnoDB: Waiting for purge to start
2021-05-26 10:37:41 0 [Note] InnoDB: 10.4.18 started; log sequence number 300468; transaction id 170
2021-05-26 10:37:41 0 [Note] InnoDB: Loading buffer pool(s) from D:\TRABAJO\repositorio\pagina\Assets\StreamingAssets\xampp\mysql\data\ib_buffer_pool
2021-05-26 10:37:41 0 [Note] Plugin 'FEEDBACK' is disabled.
2021-05-26 10:37:41 0 [Note] Server socket created on IP: '::'.
2021-05-26 10:37:41 0 [Note] InnoDB: Buffer pool(s) load completed at 210526 10:37:41
2021-05-26 10:37:41 0 [Note] Reading of all Master_info entries succeeded
2021-05-26 10:37:41 0 [Note] Added new Master_info '' to hash table
2021-05-26 10:37:41 0 [Note] mysql\bin\mysqld.exe: ready for connections.
Version: '10.4.18-MariaDB'  socket: ''  port: 3306  mariadb.org binary distribution
InnoDB: using atomic writes.
2021-05-26 10:41:46 0 [ERROR] InnoDB: The innodb_system data file 'ibdata1' must be writable
2021-05-26 10:41:46 0 [ERROR] InnoDB: The innodb_system data file 'ibdata1' must be writable
2021-05-26 10:41:46 0 [ERROR] Plugin 'InnoDB' init function returned error.
2021-05-26 10:41:46 0 [ERROR] Plugin 'InnoDB' registration as a STORAGE ENGINE failed.
2021-05-26 10:41:46 0 [Note] Plugin 'FEEDBACK' is disabled.
2021-05-26 10:41:46 0 [ERROR] Unknown/unsupported storage engine: InnoDB
2021-05-26 10:41:46 0 [ERROR] Aborting
InnoDB: using atomic writes.
2021-05-26 11:29:07 0 [Note] InnoDB: Mutexes and rw_locks use Windows interlocked functions
2021-05-26 11:29:07 0 [Note] InnoDB: Uses event mutexes
2021-05-26 11:29:07 0 [Note] InnoDB: Compressed tables use zlib 1.2.11
2021-05-26 11:29:07 0 [Note] InnoDB: Number of pools: 1
2021-05-26 11:29:07 0 [Note] InnoDB: Using SSE2 crc32 instructions
2021-05-26 11:29:07 0 [Note] InnoDB: Initializing buffer pool, total size = 16M, instances = 1, chunk size = 16M
2021-05-26 11:29:07 0 [Note] InnoDB: Completed initialization of buffer pool
2021-05-26 11:29:07 0 [Note] InnoDB: Starting crash recovery from checkpoint LSN=300468
2021-05-26 11:29:07 0 [Note] InnoDB: 128 out of 128 rollback segments are active.
2021-05-26 11:29:07 0 [Note] InnoDB: Removed temporary tablespace data file: "ibtmp1"
2021-05-26 11:29:07 0 [Note] InnoDB: Creating shared tablespace for temporary tables
2021-05-26 11:29:07 0 [Note] InnoDB: Setting file '\TRABAJO\repositorio\pagina\Assets\StreamingAssets\xampp\mysql\data\ibtmp1' size to 12 MB. Physically writing the file full; Please wait ...
2021-05-26 11:29:07 0 [Note] InnoDB: File '\TRABAJO\repositorio\pagina\Assets\StreamingAssets\xampp\mysql\data\ibtmp1' size is now 12 MB.
2021-05-26 11:29:07 0 [Note] InnoDB: Waiting for purge to start
2021-05-26 11:29:07 0 [Note] InnoDB: 10.4.18 started; log sequence number 300477; transaction id 170
2021-05-26 11:29:07 0 [Note] InnoDB: Loading buffer pool(s) from D:\TRABAJO\repositorio\pagina\Assets\StreamingAssets\xampp\mysql\data\ib_buffer_pool
2021-05-26 11:29:07 0 [Note] Plugin 'FEEDBACK' is disabled.
2021-05-26 11:29:07 0 [Note] Server socket created on IP: '::'.
2021-05-26 11:29:07 0 [Note] InnoDB: Buffer pool(s) load completed at 210526 11:29:07
2021-05-26 11:29:07 0 [Note] Reading of all Master_info entries succeeded
2021-05-26 11:29:07 0 [Note] Added new Master_info '' to hash table
2021-05-26 11:29:07 0 [Note] mysql\bin\mysqld.exe: ready for connections.
Version: '10.4.18-MariaDB'  socket: ''  port: 3306  mariadb.org binary distribution
2021-05-26 11:29:30 0 [Note] mysql\bin\mysqld.exe (initiated by: unknown): Normal shutdown
2021-05-26 11:29:30 0 [Note] Event Scheduler: Purging the queue. 0 events
2021-05-26 11:29:30 0 [Note] InnoDB: FTS optimize thread exiting.
2021-05-26 11:29:32 0 [Note] InnoDB: Starting shutdown...
2021-05-26 11:29:32 0 [Note] InnoDB: Dumping buffer pool(s) to D:\TRABAJO\repositorio\pagina\Assets\StreamingAssets\xampp\mysql\data\ib_buffer_pool
2021-05-26 11:29:32 0 [Note] InnoDB: Instance 0, restricted to 250 pages due to innodb_buf_pool_dump_pct=25
2021-05-26 11:29:32 0 [Note] InnoDB: Buffer pool(s) dump completed at 210526 11:29:32
2021-05-26 11:29:33 0 [Note] InnoDB: Removed temporary tablespace data file: "ibtmp1"
2021-05-26 11:29:33 0 [Note] InnoDB: Shutdown completed; log sequence number 300495; transaction id 171
2021-05-26 11:29:34 0 [Note] mysql\bin\mysqld.exe: Shutdown complete

InnoDB: using atomic writes.
2021-05-26 14:47:24 0 [Note] InnoDB: Mutexes and rw_locks use Windows interlocked functions
2021-05-26 14:47:24 0 [Note] InnoDB: Uses event mutexes
2021-05-26 14:47:24 0 [Note] InnoDB: Compressed tables use zlib 1.2.11
2021-05-26 14:47:24 0 [Note] InnoDB: Number of pools: 1
2021-05-26 14:47:24 0 [Note] InnoDB: Using SSE2 crc32 instructions
2021-05-26 14:47:24 0 [Note] InnoDB: Initializing buffer pool, total size = 16M, instances = 1, chunk size = 16M
2021-05-26 14:47:24 0 [Note] InnoDB: Completed initialization of buffer pool
2021-05-26 14:47:25 0 [Note] InnoDB: 128 out of 128 rollback segments are active.
2021-05-26 14:47:25 0 [Note] InnoDB: Creating shared tablespace for temporary tables
2021-05-26 14:47:25 0 [Note] InnoDB: Setting file '\TRABAJO\repositorio\pagina\Assets\StreamingAssets\xampp\mysql\data\ibtmp1' size to 12 MB. Physically writing the file full; Please wait ...
2021-05-26 14:47:25 0 [Note] InnoDB: File '\TRABAJO\repositorio\pagina\Assets\StreamingAssets\xampp\mysql\data\ibtmp1' size is now 12 MB.
2021-05-26 14:47:25 0 [Note] InnoDB: Waiting for purge to start
2021-05-26 14:47:25 0 [Note] InnoDB: 10.4.18 started; log sequence number 300495; transaction id 170
2021-05-26 14:47:25 0 [Note] InnoDB: Loading buffer pool(s) from D:\TRABAJO\repositorio\pagina\Assets\StreamingAssets\xampp\mysql\data\ib_buffer_pool
2021-05-26 14:47:25 0 [Note] Plugin 'FEEDBACK' is disabled.
2021-05-26 14:47:25 0 [Note] Server socket created on IP: '::'.
2021-05-26 14:47:25 0 [ERROR] Can't start server: Bind on TCP/IP port. Got error: 10048: Solo se permite un uso de cada dirección de socket (protocolo/dirección de red/puerto)

2021-05-26 14:47:25 0 [ERROR] Do you already have another mysqld server running on port: 3306 ?
2021-05-26 14:47:25 0 [ERROR] Aborting
InnoDB: using atomic writes.
2021-05-26 14:57:27 0 [Note] InnoDB: Mutexes and rw_locks use Windows interlocked functions
2021-05-26 14:57:27 0 [Note] InnoDB: Uses event mutexes
2021-05-26 14:57:27 0 [Note] InnoDB: Compressed tables use zlib 1.2.11
2021-05-26 14:57:27 0 [Note] InnoDB: Number of pools: 1
2021-05-26 14:57:27 0 [Note] InnoDB: Using SSE2 crc32 instructions
2021-05-26 14:57:27 0 [Note] InnoDB: Initializing buffer pool, total size = 16M, instances = 1, chunk size = 16M
2021-05-26 14:57:27 0 [Note] InnoDB: Completed initialization of buffer pool
2021-05-26 14:57:27 0 [Note] InnoDB: 128 out of 128 rollback segments are active.
2021-05-26 14:57:27 0 [Note] InnoDB: Creating shared tablespace for temporary tables
2021-05-26 14:57:27 0 [Note] InnoDB: Setting file '\TRABAJO\repositorio\pagina\Assets\StreamingAssets\xampp\mysql\data\ibtmp1' size to 12 MB. Physically writing the file full; Please wait ...
2021-05-26 14:57:27 0 [Note] InnoDB: File '\TRABAJO\repositorio\pagina\Assets\StreamingAssets\xampp\mysql\data\ibtmp1' size is now 12 MB.
2021-05-26 14:57:27 0 [Note] InnoDB: Waiting for purge to start
2021-05-26 14:57:27 0 [Note] InnoDB: 10.4.18 started; log sequence number 300504; transaction id 170
2021-05-26 14:57:27 0 [Note] InnoDB: Loading buffer pool(s) from D:\TRABAJO\repositorio\pagina\Assets\StreamingAssets\xampp\mysql\data\ib_buffer_pool
2021-05-26 14:57:27 0 [Note] Plugin 'FEEDBACK' is disabled.
2021-05-26 14:57:27 0 [Note] Server socket created on IP: '::'.
2021-05-26 14:57:27 0 [Note] InnoDB: Buffer pool(s) load completed at 210526 14:57:27
2021-05-26 14:57:27 0 [Note] Reading of all Master_info entries succeeded
2021-05-26 14:57:27 0 [Note] Added new Master_info '' to hash table
2021-05-26 14:57:27 0 [Note] mysql\bin\mysqld.exe: ready for connections.
Version: '10.4.18-MariaDB'  socket: ''  port: 3306  mariadb.org binary distribution
InnoDB: using atomic writes.
2021-05-26 14:58:19 0 [ERROR] InnoDB: The innodb_system data file 'ibdata1' must be writable
2021-05-26 14:58:19 0 [ERROR] InnoDB: The innodb_system data file 'ibdata1' must be writable
2021-05-26 14:58:19 0 [ERROR] Plugin 'InnoDB' init function returned error.
2021-05-26 14:58:19 0 [ERROR] Plugin 'InnoDB' registration as a STORAGE ENGINE failed.
2021-05-26 14:58:19 0 [Note] Plugin 'FEEDBACK' is disabled.
2021-05-26 14:58:19 0 [ERROR] Unknown/unsupported storage engine: InnoDB
2021-05-26 14:58:19 0 [ERROR] Aborting
2021-05-26 14:58:32 0 [Note] mysql\bin\mysqld.exe (initiated by: unknown): Normal shutdown
2021-05-26 14:58:32 0 [Note] Event Scheduler: Purging the queue. 0 events
2021-05-26 14:58:32 0 [Note] InnoDB: FTS optimize thread exiting.
2021-05-26 14:58:34 0 [Note] InnoDB: Starting shutdown...
2021-05-26 14:58:34 0 [Note] InnoDB: Dumping buffer pool(s) to D:\TRABAJO\repositorio\pagina\Assets\StreamingAssets\xampp\mysql\data\ib_buffer_pool
2021-05-26 14:58:34 0 [Note] InnoDB: Instance 0, restricted to 250 pages due to innodb_buf_pool_dump_pct=25
2021-05-26 14:58:34 0 [Note] InnoDB: Buffer pool(s) dump completed at 210526 14:58:34
2021-05-26 14:58:34 0 [Note] InnoDB: Removed temporary tablespace data file: "ibtmp1"
2021-05-26 14:58:34 0 [Note] InnoDB: Shutdown completed; log sequence number 300513; transaction id 171
2021-05-26 14:58:34 0 [Note] mysql\bin\mysqld.exe: Shutdown complete

InnoDB: using atomic writes.
2021-05-26 14:59:30 0 [Note] InnoDB: Mutexes and rw_locks use Windows interlocked functions
2021-05-26 14:59:30 0 [Note] InnoDB: Uses event mutexes
2021-05-26 14:59:30 0 [Note] InnoDB: Compressed tables use zlib 1.2.11
2021-05-26 14:59:30 0 [Note] InnoDB: Number of pools: 1
2021-05-26 14:59:30 0 [Note] InnoDB: Using SSE2 crc32 instructions
2021-05-26 14:59:30 0 [Note] InnoDB: Initializing buffer pool, total size = 16M, instances = 1, chunk size = 16M
2021-05-26 14:59:30 0 [Note] InnoDB: Completed initialization of buffer pool
2021-05-26 14:59:30 0 [Note] InnoDB: 128 out of 128 rollback segments are active.
2021-05-26 14:59:30 0 [Note] InnoDB: Creating shared tablespace for temporary tables
2021-05-26 14:59:30 0 [Note] InnoDB: Setting file '\TRABAJO\repositorio\pagina\Assets\StreamingAssets\xampp\mysql\data\ibtmp1' size to 12 MB. Physically writing the file full; Please wait ...
2021-05-26 14:59:30 0 [Note] InnoDB: File '\TRABAJO\repositorio\pagina\Assets\StreamingAssets\xampp\mysql\data\ibtmp1' size is now 12 MB.
2021-05-26 14:59:30 0 [Note] InnoDB: Waiting for purge to start
2021-05-26 14:59:30 0 [Note] InnoDB: 10.4.18 started; log sequence number 300513; transaction id 170
2021-05-26 14:59:30 0 [Note] InnoDB: Loading buffer pool(s) from D:\TRABAJO\repositorio\pagina\Assets\StreamingAssets\xampp\mysql\data\ib_buffer_pool
2021-05-26 14:59:30 0 [Note] Plugin 'FEEDBACK' is disabled.
2021-05-26 14:59:30 0 [Note] Server socket created on IP: '::'.
2021-05-26 14:59:30 0 [Note] InnoDB: Buffer pool(s) load completed at 210526 14:59:30
2021-05-26 14:59:30 0 [Note] Reading of all Master_info entries succeeded
2021-05-26 14:59:30 0 [Note] Added new Master_info '' to hash table
2021-05-26 14:59:30 0 [Note] mysql\bin\mysqld.exe: ready for connections.
Version: '10.4.18-MariaDB'  socket: ''  port: 3306  mariadb.org binary distribution
InnoDB: using atomic writes.
2021-05-26 15:00:37 0 [ERROR] InnoDB: The innodb_system data file 'ibdata1' must be writable
2021-05-26 15:00:37 0 [ERROR] InnoDB: The innodb_system data file 'ibdata1' must be writable
2021-05-26 15:00:37 0 [ERROR] Plugin 'InnoDB' init function returned error.
2021-05-26 15:00:37 0 [ERROR] Plugin 'InnoDB' registration as a STORAGE ENGINE failed.
2021-05-26 15:00:37 0 [Note] Plugin 'FEEDBACK' is disabled.
2021-05-26 15:00:38 0 [ERROR] Unknown/unsupported storage engine: InnoDB
2021-05-26 15:00:38 0 [ERROR] Aborting
InnoDB: using atomic writes.
2021-05-26 15:06:32 0 [Note] InnoDB: Mutexes and rw_locks use Windows interlocked functions
2021-05-26 15:06:32 0 [Note] InnoDB: Uses event mutexes
2021-05-26 15:06:32 0 [Note] InnoDB: Compressed tables use zlib 1.2.11
2021-05-26 15:06:32 0 [Note] InnoDB: Number of pools: 1
2021-05-26 15:06:32 0 [Note] InnoDB: Using SSE2 crc32 instructions
2021-05-26 15:06:32 0 [Note] InnoDB: Initializing buffer pool, total size = 16M, instances = 1, chunk size = 16M
2021-05-26 15:06:32 0 [Note] InnoDB: Completed initialization of buffer pool
2021-05-26 15:06:32 0 [Note] InnoDB: Starting crash recovery from checkpoint LSN=300513
2021-05-26 15:06:32 0 [Note] InnoDB: 128 out of 128 rollback segments are active.
2021-05-26 15:06:33 0 [Note] InnoDB: Removed temporary tablespace data file: "ibtmp1"
2021-05-26 15:06:33 0 [Note] InnoDB: Creating shared tablespace for temporary tables
2021-05-26 15:06:33 0 [Note] InnoDB: Setting file '\TRABAJO\repositorio\pagina\Assets\StreamingAssets\xampp\mysql\data\ibtmp1' size to 12 MB. Physically writing the file full; Please wait ...
2021-05-26 15:06:33 0 [Note] InnoDB: File '\TRABAJO\repositorio\pagina\Assets\StreamingAssets\xampp\mysql\data\ibtmp1' size is now 12 MB.
2021-05-26 15:06:33 0 [Note] InnoDB: Waiting for purge to start
2021-05-26 15:06:33 0 [Note] InnoDB: 10.4.18 started; log sequence number 300522; transaction id 170
2021-05-26 15:06:33 0 [Note] InnoDB: Loading buffer pool(s) from D:\TRABAJO\repositorio\pagina\Assets\StreamingAssets\xampp\mysql\data\ib_buffer_pool
2021-05-26 15:06:33 0 [Note] Plugin 'FEEDBACK' is disabled.
2021-05-26 15:06:33 0 [Note] Server socket created on IP: '::'.
2021-05-26 15:06:33 0 [Note] InnoDB: Buffer pool(s) load completed at 210526 15:06:33
2021-05-26 15:06:33 0 [Note] Reading of all Master_info entries succeeded
2021-05-26 15:06:33 0 [Note] Added new Master_info '' to hash table
2021-05-26 15:06:33 0 [Note] mysql\bin\mysqld.exe: ready for connections.
Version: '10.4.18-MariaDB'  socket: ''  port: 3306  mariadb.org binary distribution
2021-05-26 15:07:38 0 [Note] mysql\bin\mysqld.exe (initiated by: unknown): Normal shutdown
2021-05-26 15:07:38 0 [Note] Event Scheduler: Purging the queue. 0 events
2021-05-26 15:07:38 0 [Note] InnoDB: FTS optimize thread exiting.
2021-05-26 15:07:38 0 [Note] InnoDB: Starting shutdown...
2021-05-26 15:07:38 0 [Note] InnoDB: Dumping buffer pool(s) to D:\TRABAJO\repositorio\pagina\Assets\StreamingAssets\xampp\mysql\data\ib_buffer_pool
2021-05-26 15:07:38 0 [Note] InnoDB: Instance 0, restricted to 250 pages due to innodb_buf_pool_dump_pct=25
2021-05-26 15:07:38 0 [Note] InnoDB: Buffer pool(s) dump completed at 210526 15:07:38
2021-05-26 15:07:40 0 [Note] InnoDB: Removed temporary tablespace data file: "ibtmp1"
2021-05-26 15:07:40 0 [Note] InnoDB: Shutdown completed; log sequence number 300565; transaction id 171
2021-05-26 15:07:40 0 [Note] mysql\bin\mysqld.exe: Shutdown complete

InnoDB: using atomic writes.
2021-05-26 15:08:03 0 [Note] InnoDB: Mutexes and rw_locks use Windows interlocked functions
2021-05-26 15:08:03 0 [Note] InnoDB: Uses event mutexes
2021-05-26 15:08:03 0 [Note] InnoDB: Compressed tables use zlib 1.2.11
2021-05-26 15:08:03 0 [Note] InnoDB: Number of pools: 1
2021-05-26 15:08:03 0 [Note] InnoDB: Using SSE2 crc32 instructions
2021-05-26 15:08:03 0 [Note] InnoDB: Initializing buffer pool, total size = 16M, instances = 1, chunk size = 16M
2021-05-26 15:08:03 0 [Note] InnoDB: Completed initialization of buffer pool
2021-05-26 15:08:03 0 [Note] InnoDB: 128 out of 128 rollback segments are active.
2021-05-26 15:08:03 0 [Note] InnoDB: Creating shared tablespace for temporary tables
2021-05-26 15:08:03 0 [Note] InnoDB: Setting file '\TRABAJO\repositorio\pagina\Assets\StreamingAssets\xampp\mysql\data\ibtmp1' size to 12 MB. Physically writing the file full; Please wait ...
2021-05-26 15:08:03 0 [Note] InnoDB: File '\TRABAJO\repositorio\pagina\Assets\StreamingAssets\xampp\mysql\data\ibtmp1' size is now 12 MB.
2021-05-26 15:08:03 0 [Note] InnoDB: Waiting for purge to start
2021-05-26 15:08:03 0 [Note] InnoDB: 10.4.18 started; log sequence number 300565; transaction id 170
2021-05-26 15:08:03 0 [Note] InnoDB: Loading buffer pool(s) from D:\TRABAJO\repositorio\pagina\Assets\StreamingAssets\xampp\mysql\data\ib_buffer_pool
2021-05-26 15:08:03 0 [Note] Plugin 'FEEDBACK' is disabled.
2021-05-26 15:08:03 0 [Note] Server socket created on IP: '::'.
2021-05-26 15:08:04 0 [Note] InnoDB: Buffer pool(s) load completed at 210526 15:08:04
2021-05-26 15:08:04 0 [Note] Reading of all Master_info entries succeeded
2021-05-26 15:08:04 0 [Note] Added new Master_info '' to hash table
2021-05-26 15:08:04 0 [Note] mysql\bin\mysqld.exe: ready for connections.
Version: '10.4.18-MariaDB'  socket: ''  port: 3306  mariadb.org binary distribution
2021-05-26 15:08:50 0 [Note] mysql\bin\mysqld.exe (initiated by: unknown): Normal shutdown
2021-05-26 15:08:50 0 [Note] Event Scheduler: Purging the queue. 0 events
2021-05-26 15:08:50 0 [Note] InnoDB: FTS optimize thread exiting.
2021-05-26 15:08:50 0 [Note] InnoDB: Starting shutdown...
2021-05-26 15:08:50 0 [Note] InnoDB: Dumping buffer pool(s) to D:\TRABAJO\repositorio\pagina\Assets\StreamingAssets\xampp\mysql\data\ib_buffer_pool
2021-05-26 15:08:50 0 [Note] InnoDB: Instance 0, restricted to 250 pages due to innodb_buf_pool_dump_pct=25
2021-05-26 15:08:50 0 [Note] InnoDB: Buffer pool(s) dump completed at 210526 15:08:50
2021-05-26 15:08:51 0 [Note] InnoDB: Removed temporary tablespace data file: "ibtmp1"
2021-05-26 15:08:51 0 [Note] InnoDB: Shutdown completed; log sequence number 300574; transaction id 171
2021-05-26 15:08:51 0 [Note] mysql\bin\mysqld.exe: Shutdown complete

InnoDB: using atomic writes.
2021-05-26 15:11:51 0 [Note] InnoDB: Mutexes and rw_locks use Windows interlocked functions
2021-05-26 15:11:51 0 [Note] InnoDB: Uses event mutexes
2021-05-26 15:11:51 0 [Note] InnoDB: Compressed tables use zlib 1.2.11
2021-05-26 15:11:51 0 [Note] InnoDB: Number of pools: 1
2021-05-26 15:11:51 0 [Note] InnoDB: Using SSE2 crc32 instructions
2021-05-26 15:11:51 0 [Note] InnoDB: Initializing buffer pool, total size = 16M, instances = 1, chunk size = 16M
2021-05-26 15:11:51 0 [Note] InnoDB: Completed initialization of buffer pool
2021-05-26 15:11:51 0 [Note] InnoDB: 128 out of 128 rollback segments are active.
2021-05-26 15:11:51 0 [Note] InnoDB: Creating shared tablespace for temporary tables
2021-05-26 15:11:51 0 [Note] InnoDB: Setting file '\TRABAJO\repositorio\pagina\Assets\StreamingAssets\xampp\mysql\data\ibtmp1' size to 12 MB. Physically writing the file full; Please wait ...
2021-05-26 15:11:51 0 [Note] InnoDB: File '\TRABAJO\repositorio\pagina\Assets\StreamingAssets\xampp\mysql\data\ibtmp1' size is now 12 MB.
2021-05-26 15:11:51 0 [Note] InnoDB: Waiting for purge to start
2021-05-26 15:11:51 0 [Note] InnoDB: 10.4.18 started; log sequence number 300574; transaction id 170
2021-05-26 15:11:51 0 [Note] InnoDB: Loading buffer pool(s) from D:\TRABAJO\repositorio\pagina\Assets\StreamingAssets\xampp\mysql\data\ib_buffer_pool
2021-05-26 15:11:51 0 [Note] Plugin 'FEEDBACK' is disabled.
2021-05-26 15:11:51 0 [Note] Server socket created on IP: '::'.
2021-05-26 15:11:51 0 [Note] InnoDB: Buffer pool(s) load completed at 210526 15:11:51
2021-05-26 15:11:51 0 [Note] Reading of all Master_info entries succeeded
2021-05-26 15:11:51 0 [Note] Added new Master_info '' to hash table
2021-05-26 15:11:51 0 [Note] mysql\bin\mysqld.exe: ready for connections.
Version: '10.4.18-MariaDB'  socket: ''  port: 3306  mariadb.org binary distribution
